make.exe all --print-data-base --no-builtin-variables --no-builtin-rules --question
make: *** No rule to make target 'Application.o', needed by 'all'.  Stop.

# GNU Make 4.3
# Built for Windows32
# Copyright (C) 1988-2020 Free Software Foundation, Inc.
# License GPLv3+: GNU GPL version 3 or later <http://gnu.org/licenses/gpl.html>
# This is free software: you are free to change and redistribute it.
# There is NO WARRANTY, to the extent permitted by law.

# Make data base, printed on Sun May 08 15:10:01 2022

# Variables

# environment
FPS_BROWSER_APP_PROFILE_STRING = Internet Explorer
# environment
SYSTEMDRIVE = C:
# environment
JAVA_HOME = C:\Program Files\Java\jdk-17.0.3
# makefile (from 'makefile', line 6)
OBJ = $(SRC:%.cpp=%.o)
# environment
LC_ALL = C
# environment
ACSVCPORT = 17532
# makefile (from 'makefile', line 5)
SRC = $(wildcard *.cpp)
# environment
USERPROFILE = C:\Users\10924
# environment
LOCALAPPDATA = C:\Users\10924\AppData\Local
# environment
VSCODE_IPC_HOOK_EXTHOST = \\.\pipe\vscode-ipc-373e2ce4-2ad7-4e65-a279-ae2b2637c7f6-sock
# environment
VSCODE_CWD = C:\Windows\system32
# environment
CHOCOLATEYINSTALL = C:\ProgramData\chocolatey
# environment
SYSTEMROOT = C:\Windows
# environment
PROCESSOR_LEVEL = 6
# environment
PSMODULEPATH = C:\Program Files\WindowsPowerShell\Modules;C:\Windows\system32\WindowsPowerShell\v1.0\Modules
# environment
CMDER_ROOT = D:\Program Files\cmder_mini
# default
MAKE_COMMAND := C:/ProgramData/chocolatey/lib/make/tools/install/bin/make.exe
# environment
CUDA_PATH_V11_2 = C:\Program Files\NVIDIA GPU Computing Toolkit\CUDA\v11.2
# automatic
@D = $(patsubst %/,%,$(patsubst %\,%,$(dir $@)))
# environment
CHROME_CRASHPAD_PIPE_NAME = \\.\pipe\crashpad_17500_BHTJWSZAAXOMSVYF
# environment
VS160COMCOMNTOOLS = C:\Program Files (x86)\Microsoft Visual Studio\2019\Community\Common7\Tools\
# environment
ONEDRIVECOMMERCIAL = C:\Users\10924\OneDrive - zju.edu.cn
# environment
FPS_BROWSER_USER_PROFILE_STRING = Default
# environment
VSCODE_HANDLES_UNCAUGHT_ERRORS = true
# default
.VARIABLES := 
# automatic
%D = $(patsubst %/,%,$(patsubst %\,%,$(dir $%)))
# automatic
^D = $(patsubst %/,%,$(patsubst %\,%,$(dir $^)))
# environment
VSCODE_LOG_STACK = false
# automatic
%F = $(notdir $%)
# environment
VSCODE_CODE_CACHE_PATH = C:\Users\10924\AppData\Roaming\Code\CachedData\57fd6d0195bb9b9d1b49f6da5db789060795de47
# environment
LANG = C
# default
.LOADED := 
# environment
TMP = C:\Users\10924\AppData\Local\Temp
# default
.INCLUDE_DIRS = .
# environment
PROCESSOR_ARCHITEW6432 = AMD64
# makefile
MAKEFLAGS = pqrR
# environment
INTEL_DEV_REDIST = C:\Program Files (x86)\Common Files\Intel\Shared Libraries\
# environment
ONEDRIVE = C:\Users\10924\OneDrive - zju.edu.cn
# makefile
CURDIR := d:/University/Study Abroad/UCSD/course work/Spring 2022/ECE 141B/assignment/assignment6-group2
# environment
VSCODE_PIPE_LOGGING = true
# environment
APPLICATION_INSIGHTS_NO_DIAGNOSTIC_CHANNEL = 1
# automatic
*D = $(patsubst %/,%,$(patsubst %\,%,$(dir $*)))
# environment
PROGRAMFILES = C:\Program Files (x86)
# environment
MFLAGS = -pqrR
# default
.SHELLFLAGS := -c
# environment
COMMONPROGRAMW6432 = C:\Program Files\Common Files
# automatic
+D = $(patsubst %/,%,$(patsubst %\,%,$(dir $+)))
# makefile (from 'makefile', line 1)
MAKEFILE_LIST := makefile
# automatic
@F = $(notdir $@)
# environment
VSCODE_VERBOSE_LOGGING = true
# environment
VSCODE_PID = 17500
# environment
CLION = D:\Program Files\JetBrains\CLion 2021.3.4\bin;
# environment
CUDA_PATH = C:\Program Files\NVIDIA GPU Computing Toolkit\CUDA\v11.2
# automatic
?D = $(patsubst %/,%,$(patsubst %\,%,$(dir $?)))
# environment
OPENCV_LIB = C:\Program Files\opencv3\build\x64\vc15\lib
# environment
GLEW_ROOT = C:\Program Files\glew-2.2.0
# environment
CUDA_SDK_LIB_PATH = C:\ProgramData\NVIDIA Corporation\CUDA Samples\v11.2\common\lib\x64
# automatic
*F = $(notdir $*)
# environment
FREEGLUT_ROOT = C:\Program Files\freeglut
# automatic
<D = $(patsubst %/,%,$(patsubst %\,%,$(dir $<)))
# environment
CONEMUDIR = D:\Program Files\cmder_mini\vendor\conemu-maximus5
# environment
VSCODE_NLS_CONFIG = {"locale":"en","availableLanguages":{},"_languagePackSupport":true}
# default
MAKE_HOST := Windows32
# environment
PROGRAMDATA = C:\ProgramData
# default
SHELL := D:/cygwin64/bin/sh.exe
# environment
CLASSPATH = .;C:\Program Files\Java\jdk-17.0.3\lib\dt.jar;C:\Program Files\Java\jdk-17.0.3\lib\tools.jar;
# environment
HOMEPATH = \Users\10924
# default
MAKECMDGOALS := all
# environment
RUBYOPT = -Eutf-8
# environment
DRIVERDATA = C:\Windows\System32\Drivers\DriverData
# environment
COMSPEC = C:\Windows\system32\cmd.exe
# environment
WINDIR = C:\Windows
# environment
MAKELEVEL := 0
# default
MAKE = $(MAKE_COMMAND)
# environment
PATH = C:\Program Files\NVIDIA GPU Computing Toolkit\CUDA\v11.2\bin;C:\Program Files\NVIDIA GPU Computing Toolkit\CUDA\v11.2\libnvvp;C:\Program Files\AdoptOpenJDK\jdk-16.0.1.9-hotspot\bin;C:\Program Files\Common Files\Oracle\Java\javapath;C:\Program Files (x86)\Common Files\Intel\Shared Libraries\redist\intel64\compiler;C:\Windows\system32;C:\Windows;C:\Windows\System32\Wbem;C:\Windows\System32\WindowsPowerShell\v1.0\;C:\Windows\System32\OpenSSH\;C:\Program Files\Git\cmd;C:\Program Files\MATLAB\R2021a\bin;C:\Program Files\nodejs\;D:\Program Files\cmder_mini;C:\Program Files (x86)\NVIDIA Corporation\PhysX\Common;C:\Program Files\CMake\bin;C:\Program Files\NVIDIA GPU Computing Toolkit\CUDA\v11.2\;C:\Program Files\NVIDIA GPU Computing Toolkit\CUDA\v11.2\lib\x64;C:\Program Files\NVIDIA GPU Computing Toolkit\CUDA\v11.2\lib\x64;C:\ProgramData\NVIDIA Corporation\CUDA Samples\v11.2\bin\win64;C:\Program Files\NVIDIA GPU Computing Toolkit\CUDA\v11.2\cudnn\bin;C:\ProgramData\NVIDIA Corporation\CUDA Samples\v11.2\common\lib\x64;C:\Program Files\NVIDIA GPU Computing Toolkit\CUDA\v11.2\extras\CUPTI\lib64;C:\Program Files\NVIDIA Corporation\Nsight Compute 2020.3.1\;C:\Program Files\NVIDIA Corporation\NVIDIA NvDLISR;C:\Program Files\opencv3\build\bin;C:\Program Files (x86)\Microsoft Visual Studio\2019\Community\VC\Tools\MSVC\14.29.30133\bin\Hostx64\x64;C:\ProgramData\chocolatey\bin;D:\cygwin64\bin;C:\Program Files\MySQL\MySQL Shell 8.0\bin\;C:\Ruby27-x64\bin;C:\Users\10924\AppData\Local\Microsoft\WindowsApps;C:\Program Files\Bandizip\;D:\ProgramData\Anaconda3;D:\ProgramData\Anaconda3\Scripts;D:\ProgramData\Anaconda3\Library\bin;C:\Users\10924\AppData\Local\Programs\Microsoft VS Code\bin;D:\Program Files\cmder_mini;C:\texlive\2021\bin\win32;C:\Users\10924\AppData\Roaming\npm;C:\Program Files\Java\jdk-17.0.3\bin;C:\Program Files\Java\jdk-17.0.3\jre\bin;D:\Program Files\PyCharm Community Edition 2021.3.1\bin;;C:\Program Files (x86)\Microsoft Visual Studio\2019\Community\VC\Tools\MSVC\14.29.30133\bin\Hostx64\x64;D:\Program Files\ffmpeg\bin;C:\Program Files\wget;C:\Program Files\MySQL\MySQL Server 8.0\bin;D:\Program Files\JetBrains\CLion 2021.3.4\bin;;C:\Program Files\Git\usr\bin;
# environment
ZES_ENABLE_SYSMAN = 1
# environment
COMPUTERNAME = LAPTOP-BJL6EHLG
# default
MAKEFILES := 
# environment
CUDA_SDK_PATH = C:\ProgramData\NVIDIA Corporation\CUDA Samples\v11.2
# automatic
^F = $(notdir $^)
# environment
PROMPT = $P$G
# environment
CHOCOLATEYLASTPATHUPDATE = 132902123807221071
# environment
NVTOOLSEXT_PATH = C:\Program Files\NVIDIA Corporation\NvToolsExt\
# environment
CUDA_SDK_BIN_PATH = C:\ProgramData\NVIDIA Corporation\CUDA Samples\v11.2\bin\win64
# environment
LOGONSERVER = \\LAPTOP-BJL6EHLG
# environment
VSCODE_LOG_NATIVE = false
# environment
USERNAME = 10924
# environment
COMMONPROGRAMFILES = C:\Program Files (x86)\Common Files
# automatic
?F = $(notdir $?)
# environment
PROGRAMW6432 = C:\Program Files
# environment
CUDA_BIN_PATH = C:\Program Files\NVIDIA GPU Computing Toolkit\CUDA\v11.2\bin
# environment
PATHEXT = .COM;.EXE;.BAT;.CMD;.VBS;.VBE;.JS;.JSE;.WSF;.WSH;.MSC;.RB;.RBW
# automatic
+F = $(notdir $+)
# environment
ORIGINAL_XDG_CURRENT_DESKTOP = undefined
# environment
USERDOMAIN = LAPTOP-BJL6EHLG
# 'override' directive
GNUMAKEFLAGS := 
# environment
OS = Windows_NT
# environment
CUDA_SDK_ROOT_DIR = C:\ProgramData\NVIDIA Corporation\CUDA Samples\v11.2
# environment
CUDA_LIB_PATH = C:\Program Files\NVIDIA GPU Computing Toolkit\CUDA\v11.2\lib\x64
# makefile
.DEFAULT_GOAL := all
# environment
OPENCV_DIR = C:\Program Files\opencv3\build
# default
MAKE_VERSION := 4.3
# environment
PROGRAMFILES(X86) = C:\Program Files (x86)
# environment
NVCUDASAMPLES_ROOT = C:\ProgramData\NVIDIA Corporation\CUDA Samples\v11.2
# environment
USERDOMAIN_ROAMINGPROFILE = LAPTOP-BJL6EHLG
# environment
NUMBER_OF_PROCESSORS = 16
# environment
PUBLIC = C:\Users\Public
# environment
ASL.LOG = Destination=file
# makefile (from 'makefile', line 3)
BIN = pa6
# environment
APPDATA = C:\Users\10924\AppData\Roaming
# environment
HOMEDRIVE = C:
# environment
PROCESSOR_ARCHITECTURE = x86
# environment
PYCHARM COMMUNITY EDITION = D:\Program Files\PyCharm Community Edition 2021.3.1\bin;
# environment
VSCODE_AMD_ENTRYPOINT = vs/workbench/api/node/extensionHostProcess
# environment
COMMONPROGRAMFILES(X86) = C:\Program Files (x86)\Common Files
# environment
ELECTRON_RUN_AS_NODE = 1
# environment
TEMP = C:\Users\10924\AppData\Local\Temp
# environment
VSCODE_IPC_HOOK = \\.\pipe\4555a9f50f619f9c16f4c4f80f1955f6-1.67.0-main-sock
# environment
NVCUDASAMPLES11_2_ROOT = C:\ProgramData\NVIDIA Corporation\CUDA Samples\v11.2
# default
.RECIPEPREFIX := 
# automatic
<F = $(notdir $<)
# default
SUFFIXES := 
# environment
ALLUSERSPROFILE = C:\ProgramData
# environment
SESSIONNAME = Console
# makefile (from 'makefile', line 2)
CXXFLAGS = -g -std=c++17 -Wall -pedantic
# default
.FEATURES := target-specific order-only second-expansion else-if shortest-stem undefine oneshell nocomment grouped-target extra-prereqs archives jobserver output-sync load
# environment
MIC_LD_LIBRARY_PATH = C:\Program Files (x86)\Common Files\Intel\Shared Libraries\compiler\lib\mic
# environment
PROCESSOR_REVISION = 8d01
# makefile (from 'makefile', line 1)
CXX = g++
# environment
OPENCV_INCLUDE = C:\Program Files\opencv3\build\include
# environment
PROCESSOR_IDENTIFIER = Intel64 Family 6 Model 141 Stepping 1, GenuineIntel
# variable set hash-table stats:
# Load=131/1024=13%, Rehash=0, Collisions=20/159=13%

# Pattern-specific Variable Values

# No pattern-specific variable values.

# Directories

# . (key d:/University/Study Abroad/UCSD/course work/Spring 2022/ECE 141B/assignment/assignment6-group2, mtime 1652047674): 61 files, 1 impossibilities.

# 61 files, 1 impossibilities in 1 directories.

# Implicit Rules

%.o: %.c
#  recipe to execute (from 'makefile', line 12):
	$(CXX) $@ -c $<

# 1 implicit rules, 0 (0.0%) terminal.
# Files

# Not a target:
Filters.o:
#  Implicit rule search has not been done.
#  Modification time never checked.
#  File has not been updated.

# Not a target:
ParseHelper.o:
#  Implicit rule search has not been done.
#  Modification time never checked.
#  File has not been updated.

# Not a target:
Row.o:
#  Implicit rule search has not been done.
#  Modification time never checked.
#  File has not been updated.

# Not a target:
Attribute.o:
#  Implicit rule search has not been done.
#  Modification time never checked.
#  File has not been updated.

# Not a target:
BlockIO.o:
#  Implicit rule search has not been done.
#  Modification time never checked.
#  File has not been updated.

clean:
#  Implicit rule search has not been done.
#  Modification time never checked.
#  File has not been updated.
#  recipe to execute (from 'makefile', line 15):
	rm -f *.o
	rm $(BIN)

# Not a target:
Faked.o:
#  Implicit rule search has not been done.
#  Modification time never checked.
#  File has not been updated.

# Not a target:
Entity.o:
#  Implicit rule search has not been done.
#  Modification time never checked.
#  File has not been updated.

# Not a target:
.DEFAULT:
#  Implicit rule search has not been done.
#  Modification time never checked.
#  File has not been updated.

all: Application.o Attribute.o BlockIO.o CmdProcessor.o DBProcessor.o DBQuery.o Database.o Entity.o Faked.o Filters.o ParseHelper.o Row.o SQLProcessor.o SQLStatement.o Statement.o Storage.o TabularView.o Tokenizer.o main.o
#  Command line target.
#  Implicit rule search has not been done.
#  File does not exist.
#  File has not been updated.
#  recipe to execute (from 'makefile', line 9):
	$(CXX) -o $(BIN) $^

# Not a target:
Tokenizer.o:
#  Implicit rule search has not been done.
#  Modification time never checked.
#  File has not been updated.

# Not a target:
SQLStatement.o:
#  Implicit rule search has not been done.
#  Modification time never checked.
#  File has not been updated.

# Not a target:
DBQuery.o:
#  Implicit rule search has not been done.
#  Modification time never checked.
#  File has not been updated.

# Not a target:
Storage.o:
#  Implicit rule search has not been done.
#  Modification time never checked.
#  File has not been updated.

# Not a target:
DBProcessor.o:
#  Implicit rule search has not been done.
#  Modification time never checked.
#  File has not been updated.

# Not a target:
Statement.o:
#  Implicit rule search has not been done.
#  Modification time never checked.
#  File has not been updated.

# Not a target:
Application.o:
#  Implicit rule search has been done.
#  File does not exist.
#  File has not been updated.

# Not a target:
main.o:
#  Implicit rule search has not been done.
#  Modification time never checked.
#  File has not been updated.

# Not a target:
makefile:
#  Implicit rule search has been done.
#  Last modified 2022-05-04 14:17:57
#  File has been updated.
#  Successfully updated.

# Not a target:
SQLProcessor.o:
#  Implicit rule search has not been done.
#  Modification time never checked.
#  File has not been updated.

# Not a target:
TabularView.o:
#  Implicit rule search has not been done.
#  Modification time never checked.
#  File has not been updated.

# Not a target:
Database.o:
#  Implicit rule search has not been done.
#  Modification time never checked.
#  File has not been updated.

# Not a target:
CmdProcessor.o:
#  Implicit rule search has not been done.
#  Modification time never checked.
#  File has not been updated.

# files hash-table stats:
# Load=24/1024=2%, Rehash=0, Collisions=0/56=0%
# VPATH Search Paths

# No 'vpath' search paths.

# No general ('VPATH' variable) search path.

# strcache buffers: 1 (0) / strings = 87 / storage = 1036 B / avg = 11 B
# current buf: size = 8174 B / used = 1036 B / count = 87 / avg = 11 B

# strcache performance: lookups = 96 / hit rate = 9%
# hash-table stats:
# Load=87/8192=1%, Rehash=0, Collisions=2/96=2%
# Finished Make data base on Sun May 08 15:10:01 2022

 
